app/build/outputs/logs/manifest-merger-debug-report.txt
-- Merging decision tree log ---
manifest
ADDED from AndroidManifest.xml:2:1
	xmlns:android
		ADDED from AndroidManifest.xml:2:11
	package
		ADDED from AndroidManifest.xml:3:5
		INJECTED from AndroidManifest.xml:0:0
		INJECTED from AndroidManifest.xml:0:0
	android:versionName
		ADDED from AndroidManifest.xml:5:5
	android:versionCode
		ADDED from AndroidManifest.xml:4:5
		INJECTED from AndroidManifest.xml:0:0
		INJECTED from AndroidManifest.xml:0:0
uses-sdk
ADDED from AndroidManifest.xml:7:5
MERGED from com.android.support:support-v4:21.0.3:15:5
MERGED from com.android.support:appcompat-v7:21.0.3:15:5
MERGED from com.android.support:support-v4:21.0.3:15:5
MERGED from Beeper.libraries:openDialogFile:unspecified:7:5
	android:targetSdkVersion
		ADDED from AndroidManifest.xml:9:9
		INJECTED from AndroidManifest.xml:0:0
		INJECTED from AndroidManifest.xml:0:0
	android:minSdkVersion
		ADDED from AndroidManifest.xml:8:9
		INJECTED from AndroidManifest.xml:0:0
		INJECTED from AndroidManifest.xml:0:0
uses-permission#android.permission.WAKE_LOCK
ADDED from AndroidManifest.xml:11:5
	android:name
		ADDED from AndroidManifest.xml:11:22
uses-permission#android.permission.READ_EXTERNAL_STORAGE
ADDED from AndroidManifest.xml:12:5
	android:name
		ADDED from AndroidManifest.xml:12:22
application
ADDED from AndroidManifest.xml:14:5
MERGED from com.android.support:support-v4:21.0.3:16:5
MERGED from com.android.support:appcompat-v7:21.0.3:16:5
MERGED from com.android.support:support-v4:21.0.3:16:5
MERGED from Beeper.libraries:openDialogFile:unspecified:11:5
	android:label
		ADDED from AndroidManifest.xml:17:9
	android:allowBackup
		ADDED from AndroidManifest.xml:15:9
	android:icon
		ADDED from AndroidManifest.xml:16:9
	android:theme
		ADDED from AndroidManifest.xml:18:9
activity#com.example.beeper.MainActivity
ADDED from AndroidManifest.xml:19:9
	android:label
		ADDED from AndroidManifest.xml:21:13
	android:theme
		ADDED from AndroidManifest.xml:23:13
	android:name
		ADDED from AndroidManifest.xml:20:13
	android:launchMode
		ADDED from AndroidManifest.xml:22:13
intent-filter#android.intent.action.MAIN+android.intent.category.LAUNCHER
ADDED from AndroidManifest.xml:24:13
action#android.intent.action.MAIN
ADDED from AndroidManifest.xml:25:17
	android:name
		ADDED from AndroidManifest.xml:25:25
category#android.intent.category.LAUNCHER
ADDED from AndroidManifest.xml:27:17
	android:name
		ADDED from AndroidManifest.xml:27:27
service#com.example.beeper.BeeperService
ADDED from AndroidManifest.xml:30:9
	android:name
		ADDED from AndroidManifest.xml:31:13
activity#com.example.beeper.PrefBeep
ADDED from AndroidManifest.xml:33:9
	android:name
		ADDED from AndroidManifest.xml:33:19
activity#ar.com.daidalos.afiledialog.FileChooserActivity
ADDED from AndroidManifest.xml:35:9
MERGED from Beeper.libraries:openDialogFile:unspecified:14:9
	android:theme
		ADDED from AndroidManifest.xml:36:13
	android:name
		ADDED from AndroidManifest.xml:35:19
receiver#com.example.beeper.BeepWidget
ADDED from AndroidManifest.xml:37:9
	android:label
		ADDED from AndroidManifest.xml:40:13
	android:icon
		ADDED from AndroidManifest.xml:39:13
	android:name
		ADDED from AndroidManifest.xml:38:13
intent-filter#android.appwidget.action.APPWIDGET_UPDATE+com.example.beeper.beep_update
ADDED from AndroidManifest.xml:41:13
action#android.appwidget.action.APPWIDGET_UPDATE
ADDED from AndroidManifest.xml:42:17
	android:name
		ADDED from AndroidManifest.xml:43:21
action#com.example.beeper.beep_update
ADDED from AndroidManifest.xml:44:17
	android:name
		ADDED from AndroidManifest.xml:45:21
meta-data#android.appwidget.provider
ADDED from AndroidManifest.xml:47:13
	android:resource
		ADDED from AndroidManifest.xml:49:17
	android:name
		ADDED from AndroidManifest.xml:48:17